<?xml version="1.0" encoding="UTF-8"?>
<testng-results ignored="0" total="1" passed="1" failed="0" skipped="0">
  <reporter-output>
    <line>
      <![CDATA[welcome]]>
    </line>
  </reporter-output>
  <suite started-at="2022-07-20T10:23:31 IST" name="Suite" finished-at="2022-07-20T10:23:31 IST" duration-ms="139">
    <groups>
    </groups>
    <test started-at="2022-07-20T10:23:31 IST" name="Test" finished-at="2022-07-20T10:23:31 IST" duration-ms="139">
      <class name="com.test.Practice4Test">
        <test-method signature="demo()[pri:0, instance:com.test.Practice4Test@156b88f5]" started-at="2022-07-20T10:23:31 IST" name="demo" finished-at="2022-07-20T10:23:31 IST" duration-ms="36" status="PASS">
          <reporter-output>
            <line>
              <![CDATA[welcome]]>
            </line>
          </reporter-output>
        </test-method> <!-- demo -->
      </class> <!-- com.test.Practice4Test -->
    </test> <!-- Test -->
  </suite> <!-- Suite -->
</testng-results>
